
> bff@0.1.0 dev /Users/ryancampbell/monodevdoc/services/bff
> next dev

⚠ Warning: Next.js inferred your workspace root, but it may not be correct.
 We detected multiple lockfiles and selected the directory of /Users/ryancampbell/monodevdoc/pnpm-lock.yaml as the root directory.
 To silence this warning, set `turbopack.root` in your Next.js config, or consider removing one of the lockfiles if it's not needed.
   See https://nextjs.org/docs/app/api-reference/config/next-config-js/turbopack#root-directory for more information.
 Detected additional lockfiles: 
   * /Users/ryancampbell/monodevdoc/services/bff/package-lock.json

▲ Next.js 16.1.1 (Turbopack)
- Local:         http://localhost:4000
- Network:       http://10.0.0.163:4000
- Environments: .env

✓ Starting...
✓ Ready in 552ms
 GET /api/auth/me 200 in 127ms (compile: 113ms, render: 14ms)
 GET /api/auth/me 200 in 4ms (compile: 1546µs, render: 2ms)
 GET /api/auth/github 307 in 41ms (compile: 36ms, render: 5ms)
[Auth Debug] Processing callback with code: 6c075...
[Auth Debug] GITHUB_CLIENT_ID present: true
[Auth Debug] GITHUB_CLIENT_SECRET present: false
 GET /api/auth/github/callback?code=6c07562de6462e1b781a 200 in 261ms (compile: 56ms, render: 204ms)
 GET /api/auth/github 307 in 5ms (compile: 1985µs, render: 3ms)
[Auth Debug] Processing callback with code: 91ef9...
[Auth Debug] GITHUB_CLIENT_ID present: true
[Auth Debug] GITHUB_CLIENT_SECRET present: false
 GET /api/auth/github/callback?code=91ef943387bd074ca05e 400 in 132ms (compile: 4ms, render: 129ms)
 GET /api/auth/github 307 in 10ms (compile: 4ms, render: 5ms)
[Auth Debug] Processing callback with code: a9072...
[Auth Debug] GITHUB_CLIENT_ID present: true
[Auth Debug] GITHUB_CLIENT_SECRET present: false
 GET /api/auth/github/callback?code=a90721a74bde707b766a 400 in 96ms (compile: 4ms, render: 92ms)
 GET /api/auth/github 307 in 17ms (compile: 8ms, render: 9ms)
[Auth Debug] Processing callback with code: 8842b...
[Auth Debug] GITHUB_CLIENT_ID present: true
[Auth Debug] GITHUB_CLIENT_SECRET present: false
 GET /api/auth/github/callback?code=8842be3b70b976287922 400 in 183ms (compile: 5ms, render: 178ms)
[Auth Debug] Processing callback with code: 8842b...
[Auth Debug] GITHUB_CLIENT_ID present: true
[Auth Debug] GITHUB_CLIENT_SECRET present: false
 GET /api/auth/github/callback?code=8842be3b70b976287922 400 in 84ms (compile: 4ms, render: 81ms)
 GET /api/auth/me 200 in 10ms (compile: 6ms, render: 4ms)
 GET /api/auth/me 200 in 3ms (compile: 923µs, render: 2ms)
 GET /api/auth/github 307 in 8ms (compile: 4ms, render: 4ms)
[Auth Debug] Processing callback with code: 1d4dc...
[Auth Debug] GITHUB_CLIENT_ID present: true
[Auth Debug] GITHUB_CLIENT_SECRET present: false
 GET /api/auth/github/callback?code=1d4dc95a591db67fdcb8 400 in 201ms (compile: 4ms, render: 197ms)
  Reload env: .env
 GET /api/auth/github 307 in 33ms (compile: 26ms, render: 6ms)
[Auth Debug] Processing callback with code: 7fd2f...
[Auth Debug] GITHUB_CLIENT_ID present: true
[Auth Debug] GITHUB_CLIENT_SECRET present: true
 GET /api/auth/github/callback?code=7fd2ff9fd9f656328de5 307 in 539ms (compile: 20ms, render: 518ms)
 GET /api/auth/me 200 in 16ms (compile: 13ms, render: 3ms)
 GET /api/github/repos 200 in 838ms (compile: 25ms, render: 813ms)
[BFF] Proxying request to Journal Service: GET /journal/stats
 GET /api/journal/entries 500 in 69ms (compile: 30ms, render: 39ms)
 GET /api/journal/entries 500 in 15ms (compile: 2ms, render: 12ms)
 GET /api/dashboard/stats 200 in 678ms (compile: 62ms, render: 616ms)
[BFF] Proxying request to Journal Service: GET /journal/stats
 GET /api/dashboard/stats 200 in 119ms (compile: 1897µs, render: 117ms)
 GET /api/journal/entries 500 in 8ms (compile: 1859µs, render: 6ms)
 GET /api/journal/entries 500 in 3ms (compile: 881µs, render: 3ms)
 GET /api/journal/entries 500 in 3ms (compile: 841µs, render: 3ms)
 GET /api/journal/entries 500 in 3ms (compile: 660µs, render: 2ms)
[BFF] Proxying request to Journal Service: GET /journal/stats
 GET /api/journal/entries 500 in 12ms (compile: 2ms, render: 10ms)
 GET /api/journal/entries 500 in 4ms (compile: 1004µs, render: 3ms)
 GET /api/dashboard/stats 200 in 155ms (compile: 5ms, render: 151ms)
[BFF] Proxying request to Journal Service: GET /journal/stats
 GET /api/dashboard/stats 200 in 121ms (compile: 1741µs, render: 119ms)
[BFF] Proxying request to Journal Service: GET /journal/stats
 GET /api/journal/entries 500 in 16ms (compile: 2ms, render: 13ms)
 GET /api/journal/entries 500 in 4ms (compile: 1138µs, render: 3ms)
 GET /api/dashboard/stats 200 in 126ms (compile: 9ms, render: 117ms)
[BFF] Proxying request to Journal Service: GET /journal/stats
 GET /api/dashboard/stats 200 in 122ms (compile: 1880µs, render: 120ms)
 GET /api/journal/entries 500 in 5ms (compile: 1029µs, render: 3ms)
 GET /api/journal/entries 500 in 4ms (compile: 851µs, render: 3ms)
 GET /api/journal/entries 500 in 8ms (compile: 3ms, render: 5ms)
[BFF] Proxying to Journal Service: GET /git/branches?projectId=monodevdoc
 GET /api/journal/entries 500 in 6ms (compile: 1953µs, render: 4ms)
 GET /api/git/branches?projectId=monodevdoc 200 in 115ms (compile: 25ms, render: 90ms)
[BFF] Proxying to Journal Service: GET /git/branches?projectId=monodevdoc
 GET /api/git/branches?projectId=monodevdoc 200 in 41ms (compile: 1050µs, render: 40ms)
 GET /api/journal/entries 500 in 8ms (compile: 1855µs, render: 6ms)
 GET /api/journal/entries 500 in 5ms (compile: 1346µs, render: 4ms)
 GET /api/journal/entries 500 in 4ms (compile: 1189µs, render: 3ms)
 GET /api/journal/entries 500 in 3ms (compile: 951µs, render: 2ms)
[BFF] Proxying to Journal Service: GET /git/branches?projectId=monodevdoc
 GET /api/journal/entries 500 in 10ms (compile: 1365µs, render: 9ms)
 GET /api/journal/entries 500 in 3ms (compile: 766µs, render: 2ms)
 GET /api/git/branches?projectId=monodevdoc 200 in 85ms (compile: 5ms, render: 80ms)
[BFF] Proxying to Journal Service: GET /git/branches?projectId=monodevdoc
 GET /api/git/branches?projectId=monodevdoc 200 in 37ms (compile: 1150µs, render: 36ms)
 GET /api/journal/entries 500 in 4ms (compile: 1045µs, render: 3ms)
 GET /api/journal/entries 500 in 8ms (compile: 5ms, render: 3ms)
 GET /api/journal/entries 500 in 4ms (compile: 1220µs, render: 3ms)
 GET /api/journal/entries 500 in 4ms (compile: 780µs, render: 3ms)
[BFF] Proxying request to Journal Service: GET /journal/stats
 GET /api/journal/entries 500 in 13ms (compile: 3ms, render: 10ms)
 GET /api/journal/entries 500 in 3ms (compile: 852µs, render: 2ms)
 GET /api/dashboard/stats 200 in 167ms (compile: 1671µs, render: 165ms)
[BFF] Proxying request to Journal Service: GET /journal/stats
 GET /api/dashboard/stats 200 in 125ms (compile: 1848µs, render: 123ms)
 GET /api/journal/entries 500 in 15ms (compile: 4ms, render: 11ms)
 GET /api/journal/entries 500 in 4ms (compile: 967µs, render: 3ms)
 GET /api/journal/entries 500 in 4ms (compile: 830µs, render: 3ms)
 GET /api/journal/entries 500 in 4ms (compile: 736µs, render: 3ms)
 GET /api/journal/entries 500 in 6ms (compile: 1596µs, render: 4ms)
 GET /api/journal/entries 500 in 4ms (compile: 873µs, render: 3ms)
[BFF] Proxying to Journal Service: GET /git/branches?projectId=monodevdoc
 GET /api/journal/entries 500 in 10ms (compile: 2ms, render: 8ms)
 GET /api/journal/entries 500 in 4ms (compile: 887µs, render: 3ms)
 GET /api/git/branches?projectId=monodevdoc 200 in 81ms (compile: 5ms, render: 77ms)
[BFF] Proxying to Journal Service: GET /git/branches?projectId=monodevdoc
 GET /api/git/branches?projectId=monodevdoc 200 in 37ms (compile: 1272µs, render: 36ms)
 GET /api/journal/entries 500 in 11ms (compile: 3ms, render: 8ms)
 GET /api/journal/entries 500 in 4ms (compile: 1124µs, render: 3ms)
[BFF] Proxying request to Journal Service: GET /journal/stats
 GET /api/journal/entries 500 in 13ms (compile: 2ms, render: 10ms)
 GET /api/journal/entries 500 in 3ms (compile: 698µs, render: 2ms)
 GET /api/dashboard/stats 200 in 158ms (compile: 6ms, render: 151ms)
[BFF] Proxying request to Journal Service: GET /journal/stats
 GET /api/dashboard/stats 200 in 118ms (compile: 1766µs, render: 116ms)
 GET /api/journal/entries 500 in 6ms (compile: 1375µs, render: 4ms)
 GET /api/journal/entries 500 in 3ms (compile: 786µs, render: 2ms)
[BFF] Proxying to Journal Service: GET /git/branches?projectId=monodevdoc
 GET /api/journal/entries 500 in 8ms (compile: 1392µs, render: 7ms)
 GET /api/journal/entries 500 in 3ms (compile: 806µs, render: 2ms)
 GET /api/git/branches?projectId=monodevdoc 200 in 45ms (compile: 4ms, render: 41ms)
[BFF] Proxying to Journal Service: GET /git/branches?projectId=monodevdoc
 GET /api/git/branches?projectId=monodevdoc 200 in 35ms (compile: 827µs, render: 34ms)
 GET /api/journal/entries 500 in 6ms (compile: 1300µs, render: 4ms)
 GET /api/journal/entries 500 in 4ms (compile: 907µs, render: 3ms)
 GET /api/journal/entries 500 in 63ms (compile: 51ms, render: 12ms)
[BFF] Proxying request to Journal Service: GET /journal/stats
 GET /api/journal/entries 500 in 56ms (compile: 1940µs, render: 54ms)
 GET /api/journal/entries 500 in 5ms (compile: 2ms, render: 3ms)
 GET /api/dashboard/stats 200 in 600ms (compile: 46ms, render: 554ms)
[BFF] Proxying request to Journal Service: GET /journal/stats
 GET /api/dashboard/stats 200 in 121ms (compile: 1576µs, render: 119ms)
 GET /api/journal/entries 500 in 5ms (compile: 1172µs, render: 4ms)
 GET /api/journal/entries 500 in 3ms (compile: 861µs, render: 2ms)
 GET /api/journal/entries 500 in 3ms (compile: 806µs, render: 2ms)
 GET /api/journal/entries 500 in 3ms (compile: 629µs, render: 3ms)
 GET /api/journal/entries 500 in 4ms (compile: 878µs, render: 3ms)
 GET /api/journal/entries 500 in 4ms (compile: 664µs, render: 3ms)
 GET /api/journal/entries 500 in 8ms (compile: 4ms, render: 4ms)
 GET /api/journal/entries 500 in 3ms (compile: 630µs, render: 3ms)
 GET /api/github/branches?owner=souppman&repo=monodevdoc 200 in 379ms (compile: 116ms, render: 263ms)
 GET /api/github/branches?owner=souppman&repo=monodevdoc 200 in 123ms (compile: 1886µs, render: 121ms)
 GET /api/journal/entries 500 in 6ms (compile: 1253µs, render: 4ms)
 GET /api/journal/entries 500 in 4ms (compile: 742µs, render: 3ms)
 GET /api/journal/entries 500 in 8ms (compile: 1482µs, render: 6ms)
 GET /api/journal/entries 500 in 6ms (compile: 2ms, render: 4ms)
[BFF] Proxying request to Journal Service: GET /journal/stats
 GET /api/journal/entries 500 in 14ms (compile: 2ms, render: 12ms)
 GET /api/journal/entries 500 in 3ms (compile: 903µs, render: 2ms)
 GET /api/dashboard/stats 200 in 172ms (compile: 1803µs, render: 170ms)
[BFF] Proxying request to Journal Service: GET /journal/stats
 GET /api/dashboard/stats 200 in 130ms (compile: 1484µs, render: 128ms)
 GET /api/journal/entries 500 in 5ms (compile: 1312µs, render: 4ms)
 GET /api/journal/entries 500 in 4ms (compile: 872µs, render: 3ms)
 GET /api/journal/entries 500 in 3ms (compile: 782µs, render: 3ms)
 GET /api/journal/entries 500 in 3ms (compile: 857µs, render: 2ms)
 GET /api/journal/entries 500 in 5ms (compile: 1477µs, render: 4ms)
 GET /api/journal/entries 500 in 4ms (compile: 845µs, render: 3ms)
 GET /api/journal/entries 500 in 9ms (compile: 2ms, render: 7ms)
 GET /api/journal/entries 500 in 4ms (compile: 828µs, render: 3ms)
 GET /api/journal/entries 500 in 4ms (compile: 757µs, render: 3ms)
 GET /api/journal/entries 500 in 3ms (compile: 749µs, render: 3ms)
[BFF] Proxying request to Journal Service: GET /journal/stats
 GET /api/journal/entries 500 in 9ms (compile: 1991µs, render: 7ms)
 GET /api/journal/entries 500 in 4ms (compile: 873µs, render: 3ms)
 GET /api/dashboard/stats 200 in 162ms (compile: 4ms, render: 158ms)
[BFF] Proxying request to Journal Service: GET /journal/stats
 GET /api/dashboard/stats 200 in 126ms (compile: 3ms, render: 123ms)
 GET /api/journal/entries 500 in 5ms (compile: 1328µs, render: 3ms)
 GET /api/journal/entries 500 in 4ms (compile: 966µs, render: 3ms)
 GET /api/journal/entries 500 in 4ms (compile: 1230µs, render: 3ms)
 GET /api/journal/entries 500 in 5ms (compile: 1494µs, render: 3ms)
 GET /api/journal/entries 500 in 4ms (compile: 949µs, render: 3ms)
 GET /api/journal/entries 500 in 4ms (compile: 933µs, render: 3ms)
 GET /api/journal/entries 500 in 5ms (compile: 1668µs, render: 3ms)
 GET /api/journal/entries 500 in 3ms (compile: 709µs, render: 2ms)
 GET /api/github/branches?owner=souppman&repo=monodevdoc 200 in 259ms (compile: 1445µs, render: 258ms)
 GET /api/github/branches?owner=souppman&repo=monodevdoc 200 in 127ms (compile: 1795µs, render: 125ms)
 GET /api/journal/entries 500 in 6ms (compile: 1898µs, render: 5ms)
 GET /api/journal/entries 500 in 3ms (compile: 963µs, render: 2ms)
 GET /api/journal/entries 500 in 8ms (compile: 1612µs, render: 6ms)
 GET /api/journal/entries 500 in 4ms (compile: 1045µs, render: 3ms)
[BFF] Proxying request to Journal Service: GET /journal/stats
 GET /api/journal/entries 500 in 12ms (compile: 1990µs, render: 10ms)
 GET /api/journal/entries 500 in 4ms (compile: 778µs, render: 3ms)
 GET /api/dashboard/stats 200 in 152ms (compile: 1761µs, render: 150ms)
[BFF] Proxying request to Journal Service: GET /journal/stats
 GET /api/dashboard/stats 200 in 118ms (compile: 1588µs, render: 116ms)
 GET /api/journal/entries 500 in 6ms (compile: 1465µs, render: 4ms)
 GET /api/journal/entries 500 in 4ms (compile: 1259µs, render: 3ms)
 GET /api/journal/entries 500 in 3ms (compile: 879µs, render: 2ms)
 GET /api/journal/entries 500 in 3ms (compile: 705µs, render: 2ms)
 GET /api/journal/entries 500 in 5ms (compile: 1230µs, render: 4ms)
 GET /api/journal/entries 500 in 4ms (compile: 1024µs, render: 3ms)
 GET /api/journal/entries 500 in 9ms (compile: 1749µs, render: 7ms)
 GET /api/journal/entries 500 in 4ms (compile: 1224µs, render: 3ms)
 GET /api/github/branches?owner=souppman&repo=monodevdoc 200 in 203ms (compile: 3ms, render: 199ms)
 GET /api/github/branches?owner=souppman&repo=monodevdoc 200 in 130ms (compile: 1875µs, render: 128ms)
 GET /api/journal/entries 500 in 7ms (compile: 1740µs, render: 6ms)
 GET /api/journal/entries 500 in 4ms (compile: 879µs, render: 3ms)
 GET /api/journal/entries 500 in 25ms (compile: 5ms, render: 20ms)
 GET /api/journal/entries 500 in 3ms (compile: 791µs, render: 2ms)
 GET /api/github/branches?owner=souppman&repo=monodevdoc 200 in 236ms (compile: 12ms, render: 224ms)
 GET /api/github/branches?owner=souppman&repo=monodevdoc 200 in 183ms (compile: 1060µs, render: 182ms)
 GET /api/journal/entries 500 in 10ms (compile: 4ms, render: 5ms)
 GET /api/journal/entries 500 in 3ms (compile: 719µs, render: 1836µs)
 GET /api/journal/entries 500 in 22ms (compile: 7ms, render: 15ms)
 GET /api/journal/entries 500 in 3ms (compile: 687µs, render: 2ms)
 GET /api/github/branches?owner=souppman&repo=monodevdoc 200 in 225ms (compile: 11ms, render: 214ms)
 GET /api/github/branches?owner=souppman&repo=monodevdoc 200 in 146ms (compile: 2ms, render: 144ms)
 GET /api/journal/entries 500 in 5ms (compile: 1772µs, render: 3ms)
 GET /api/journal/entries 500 in 3ms (compile: 627µs, render: 1966µs)
 GET /api/journal/entries 500 in 12ms (compile: 2ms, render: 10ms)
 GET /api/journal/entries 500 in 4ms (compile: 1649µs, render: 2ms)
 GET /api/github/branches?owner=souppman&repo=monodevdoc 200 in 218ms (compile: 1217µs, render: 217ms)
 GET /api/github/branches?owner=souppman&repo=monodevdoc 200 in 140ms (compile: 1778µs, render: 138ms)
 GET /api/journal/entries 500 in 4ms (compile: 1017µs, render: 3ms)
 GET /api/journal/entries 500 in 3ms (compile: 580µs, render: 2ms)
 POST /api/rag/generate 200 in 4.8s (compile: 42ms, render: 4.8s)
 GET /api/journal/entries 500 in 28ms (compile: 11ms, render: 18ms)
 GET /api/journal/entries 500 in 21ms (compile: 6ms, render: 15ms)
 POST /api/rag/generate 500 in 15.4s (compile: 5ms, render: 15.4s)
BFF RAG Proxy Error: SyntaxError: Expected ',' or '}' after property value in JSON at position 166 (line 7 column 3)
    at JSON.parse (<anonymous>)
    at async POST (app/api/rag/generate/route.ts:12:22)
  10 |
  11 |     try {
> 12 |         const body = await request.json();
     |                      ^
  13 |
  14 |         // Forward the request to the RAG service's /query endpoint (or /generate if that's what we decided, checking main.py)
  15 |         // main.py has /query for RAGQueryRequest. The UI "Generate" feature basically queries the RAG service.
 POST /api/rag/generate 500 in 138ms (compile: 5ms, render: 132ms)
 GET /api/journal/entries 500 in 25ms (compile: 10ms, render: 15ms)
[BFF] Proxying request to Journal Service: GET /journal/stats
 GET /api/journal/entries 500 in 13ms (compile: 1726µs, render: 11ms)
 GET /api/journal/entries 500 in 3ms (compile: 704µs, render: 2ms)
 GET /api/dashboard/stats 200 in 583ms (compile: 5ms, render: 578ms)
[BFF] Proxying request to Journal Service: GET /journal/stats
 GET /api/dashboard/stats 200 in 120ms (compile: 2ms, render: 118ms)
[BFF] Proxying request to Journal Service: GET /journal/stats
 GET /api/journal/entries 500 in 8ms (compile: 1530µs, render: 7ms)
 GET /api/dashboard/stats 200 in 116ms (compile: 1077µs, render: 115ms)
  Reload env: .env
[BFF] Proxying request to Journal Service: GET /journal/stats
 GET /api/journal/entries 500 in 172ms (compile: 57ms, render: 115ms)
 GET /api/dashboard/stats 200 in 308ms (compile: 130ms, render: 178ms)
[BFF] Proxying request to Journal Service: GET /journal/stats
 GET /api/journal/entries 500 in 24ms (compile: 7ms, render: 17ms)
 GET /api/dashboard/stats 200 in 168ms (compile: 3ms, render: 166ms)
 GET /api/journal/entries 500 in 6ms (compile: 1629µs, render: 4ms)
 GET /api/journal/entries 500 in 3ms (compile: 661µs, render: 2ms)
 POST /api/rag/generate 200 in 14.6s (compile: 35ms, render: 14.5s)
 POST /api/rag/generate 500 in 15.4s (compile: 10ms, render: 15.4s)
 GET /api/journal/entries 200 in 480ms (compile: 16ms, render: 464ms)
 POST /api/rag/generate 200 in 9.5s (compile: 3ms, render: 9.5s)
 GET /api/journal/entries 200 in 82ms (compile: 2ms, render: 80ms)
 GET /api/journal/entries 200 in 40ms (compile: 1128µs, render: 39ms)
 GET /api/github/branches?owner=souppman&repo=monodevdoc 200 in 274ms (compile: 29ms, render: 245ms)
 GET /api/github/branches?owner=souppman&repo=monodevdoc 200 in 125ms (compile: 1322µs, render: 124ms)
 GET /api/journal/entries 200 in 40ms (compile: 916µs, render: 39ms)
 GET /api/journal/entries 200 in 38ms (compile: 1029µs, render: 37ms)
 GET /api/journal/entries 200 in 39ms (compile: 1963µs, render: 37ms)
 GET /api/journal/entries 200 in 40ms (compile: 1016µs, render: 39ms)
 GET /api/journal/entries 200 in 37ms (compile: 902µs, render: 36ms)
 GET /api/journal/entries 200 in 37ms (compile: 877µs, render: 36ms)
 GET /api/journal/entries 200 in 41ms (compile: 1795µs, render: 39ms)
[BFF] Proxying request to Journal Service: GET /journal/stats
 GET /api/dashboard/stats 200 in 226ms (compile: 38ms, render: 188ms)
[BFF] Proxying request to Journal Service: GET /journal/stats
 GET /api/dashboard/stats 200 in 112ms (compile: 1569µs, render: 111ms)
 GET /api/journal/entries 200 in 406ms (compile: 616µs, render: 406ms)
 GET /api/journal/entries 200 in 41ms (compile: 939µs, render: 41ms)
 GET /api/journal/entries 200 in 43ms (compile: 1316µs, render: 42ms)
 GET /api/journal/entries 200 in 39ms (compile: 1003µs, render: 38ms)
 GET /api/journal/entries 200 in 43ms (compile: 1231µs, render: 41ms)
 GET /api/journal/entries 200 in 148ms (compile: 10ms, render: 138ms)
 GET /api/journal/entries 200 in 43ms (compile: 3ms, render: 40ms)
[BFF] Proxying request to Journal Service: GET /journal/stats
 GET /api/journal/entries 200 in 43ms (compile: 2ms, render: 40ms)
 GET /api/journal/entries 200 in 38ms (compile: 891µs, render: 38ms)
 GET /api/dashboard/stats 200 in 221ms (compile: 4ms, render: 217ms)
[BFF] Proxying request to Journal Service: GET /journal/stats
 GET /api/dashboard/stats 200 in 115ms (compile: 1976µs, render: 113ms)
[BFF] Proxying request to Journal Service: GET /journal/stats
 GET /api/dashboard/stats 200 in 233ms (compile: 7ms, render: 227ms)
 GET /api/github/branches?owner=souppman&repo=monodevdoc 200 in 263ms (compile: 1889µs, render: 262ms)
 GET /api/github/branches?owner=souppman&repo=monodevdoc 200 in 178ms (compile: 1406µs, render: 176ms)
 GET /api/github/branches?owner=souppman&repo=monodevdoc 200 in 386ms (compile: 1487µs, render: 385ms)
 GET /api/github/branches?owner=souppman&repo=monodevdoc 200 in 163ms (compile: 1122µs, render: 162ms)
 GET /api/journal/entries 500 in 5.1s (compile: 1326µs, render: 5.1s)
 GET /api/journal/entries 200 in 43ms (compile: 1487µs, render: 42ms)
 GET /api/journal/entries 200 in 39ms (compile: 1522µs, render: 37ms)
 GET /api/journal/entries 200 in 40ms (compile: 866µs, render: 39ms)
 GET /api/journal/entries 200 in 41ms (compile: 1171µs, render: 39ms)
 GET /api/journal/entries 200 in 42ms (compile: 910µs, render: 41ms)
 GET /api/journal/entries 200 in 38ms (compile: 1424µs, render: 36ms)
 GET /api/journal/entries 200 in 40ms (compile: 1016µs, render: 39ms)
 GET /api/journal/entries 200 in 39ms (compile: 1220µs, render: 38ms)
 GET /api/journal/entries 200 in 41ms (compile: 2ms, render: 38ms)
 GET /api/journal/entries 200 in 39ms (compile: 1157µs, render: 38ms)
 GET /api/journal/entries 200 in 38ms (compile: 1242µs, render: 37ms)
 GET /api/journal/entries 200 in 79ms (compile: 957µs, render: 78ms)
[BFF] Proxying request to Journal Service: GET /journal/stats
 GET /api/journal/entries 200 in 44ms (compile: 1490µs, render: 43ms)
 GET /api/journal/entries 200 in 40ms (compile: 1078µs, render: 39ms)
 GET /api/dashboard/stats 200 in 498ms (compile: 3ms, render: 495ms)
[BFF] Proxying request to Journal Service: GET /journal/stats
 GET /api/dashboard/stats 200 in 122ms (compile: 2ms, render: 120ms)
 GET /api/journal/entries 200 in 81ms (compile: 1128µs, render: 80ms)
 GET /api/journal/entries 200 in 41ms (compile: 1760µs, render: 39ms)
[BFF] Proxying request to Journal Service: GET /journal/stats
 GET /api/journal/entries 200 in 49ms (compile: 5ms, render: 43ms)
 GET /api/journal/entries 200 in 40ms (compile: 2ms, render: 38ms)
 GET /api/dashboard/stats 200 in 123ms (compile: 2ms, render: 121ms)
[BFF] Proxying request to Journal Service: GET /journal/stats
 GET /api/dashboard/stats 200 in 119ms (compile: 1164µs, render: 118ms)
[BFF] Proxying request to Journal Service: GET /journal/stats
 GET /api/journal/entries 200 in 49ms (compile: 1865µs, render: 47ms)
 GET /api/dashboard/stats 200 in 121ms (compile: 6ms, render: 115ms)
 GET /api/journal/entries 200 in 41ms (compile: 2ms, render: 39ms)
 GET /api/journal/entries 200 in 41ms (compile: 1045µs, render: 39ms)
 GET /api/journal/entries 200 in 42ms (compile: 2ms, render: 40ms)
[BFF] Proxying request to Journal Service: GET /journal/stats
 GET /api/journal/entries 200 in 42ms (compile: 4ms, render: 38ms)
 GET /api/journal/entries 200 in 39ms (compile: 951µs, render: 39ms)
 GET /api/dashboard/stats 200 in 121ms (compile: 6ms, render: 115ms)
[BFF] Proxying request to Journal Service: GET /journal/stats
 GET /api/dashboard/stats 200 in 120ms (compile: 3ms, render: 117ms)
[BFF] Proxying request to Journal Service: GET /journal/stats
 GET /api/journal/entries 200 in 85ms (compile: 1029µs, render: 84ms)
 GET /api/dashboard/stats 200 in 159ms (compile: 3ms, render: 156ms)
[BFF] Proxying request to Journal Service: GET /journal/stats
 GET /api/journal/entries 200 in 81ms (compile: 1555µs, render: 79ms)
 GET /api/dashboard/stats 200 in 548ms (compile: 4ms, render: 543ms)
 GET /api/journal/entries 200 in 76ms (compile: 1158µs, render: 75ms)
 GET /api/journal/entries 200 in 37ms (compile: 1018µs, render: 36ms)
 GET /api/journal/entries 200 in 37ms (compile: 1271µs, render: 36ms)
 GET /api/journal/entries 200 in 39ms (compile: 1143µs, render: 38ms)
 GET /api/journal/entries 200 in 40ms (compile: 1422µs, render: 39ms)
 GET /api/journal/entries 200 in 36ms (compile: 1043µs, render: 35ms)
 GET /api/journal/entries 200 in 42ms (compile: 962µs, render: 41ms)
 GET /api/journal/entries 200 in 39ms (compile: 1149µs, render: 37ms)
 GET /api/journal/entries 200 in 42ms (compile: 1904µs, render: 40ms)
 GET /api/journal/entries 200 in 39ms (compile: 1137µs, render: 38ms)
 GET /api/journal/entries 200 in 37ms (compile: 1259µs, render: 36ms)
 GET /api/journal/entries 200 in 40ms (compile: 2ms, render: 38ms)
[BFF] Proxying request to Journal Service: GET /journal/stats
 GET /api/journal/entries 200 in 39ms (compile: 1228µs, render: 37ms)
 GET /api/journal/entries 200 in 37ms (compile: 976µs, render: 36ms)
 GET /api/dashboard/stats 200 in 117ms (compile: 3ms, render: 114ms)
[BFF] Proxying request to Journal Service: GET /journal/stats
 GET /api/dashboard/stats 200 in 121ms (compile: 1451µs, render: 119ms)
 GET /api/journal/entries 200 in 43ms (compile: 992µs, render: 42ms)
 GET /api/journal/entries 200 in 39ms (compile: 959µs, render: 38ms)
 GET /api/journal/entries 200 in 37ms (compile: 886µs, render: 36ms)
 GET /api/journal/entries 200 in 36ms (compile: 1051µs, render: 35ms)
[BFF] Proxying request to Journal Service: GET /journal/stats
 GET /api/journal/entries 200 in 81ms (compile: 2ms, render: 79ms)
 GET /api/journal/entries 200 in 43ms (compile: 1284µs, render: 42ms)
 GET /api/dashboard/stats 200 in 157ms (compile: 6ms, render: 151ms)
[BFF] Proxying request to Journal Service: GET /journal/stats
 GET /api/dashboard/stats 200 in 122ms (compile: 1637µs, render: 120ms)
[BFF] Proxying request to Journal Service: GET /journal/stats
 GET /api/journal/entries 200 in 44ms (compile: 862µs, render: 43ms)
 GET /api/dashboard/stats 200 in 121ms (compile: 3ms, render: 118ms)
 GET /api/journal/entries 200 in 38ms (compile: 1153µs, render: 37ms)
 GET /api/journal/entries 200 in 41ms (compile: 1008µs, render: 40ms)
 GET /api/journal/entries 200 in 47ms (compile: 1012µs, render: 46ms)
 GET /api/journal/entries 200 in 40ms (compile: 1192µs, render: 39ms)
[BFF] Proxying request to Journal Service: GET /journal/stats
 GET /api/journal/entries 200 in 82ms (compile: 1852µs, render: 80ms)
 GET /api/journal/entries 200 in 38ms (compile: 1214µs, render: 36ms)
 GET /api/dashboard/stats 200 in 157ms (compile: 5ms, render: 152ms)
[BFF] Proxying request to Journal Service: GET /journal/stats
 GET /api/dashboard/stats 200 in 114ms (compile: 1237µs, render: 113ms)
 GET /api/journal/entries 200 in 91ms (compile: 6ms, render: 85ms)
 GET /api/journal/entries 200 in 36ms (compile: 922µs, render: 35ms)
 GET /api/github/branches?owner=souppman&repo=monodevdoc 200 in 257ms (compile: 10ms, render: 247ms)
 GET /api/github/branches?owner=souppman&repo=monodevdoc 200 in 159ms (compile: 2ms, render: 156ms)
 GET /api/journal/entries 200 in 39ms (compile: 1345µs, render: 37ms)
 GET /api/journal/entries 200 in 37ms (compile: 877µs, render: 36ms)
 GET /api/github/branches?owner=souppman&repo=monodevdoc 200 in 132ms (compile: 4ms, render: 128ms)
 GET /api/github/branches?owner=souppman&repo=monodevdoc 200 in 146ms (compile: 1245µs, render: 145ms)
 GET /api/journal/entries 200 in 76ms (compile: 939µs, render: 76ms)
 GET /api/journal/entries 200 in 40ms (compile: 865µs, render: 39ms)
 GET /api/journal/entries 200 in 39ms (compile: 1360µs, render: 37ms)
 GET /api/journal/entries 200 in 38ms (compile: 1025µs, render: 37ms)
 GET /api/github/branches?owner=souppman&repo=monodevdoc 200 in 144ms (compile: 4ms, render: 141ms)
 GET /api/github/branches?owner=souppman&repo=monodevdoc 200 in 148ms (compile: 1564µs, render: 146ms)
[BFF] Proxying request to Journal Service: GET /journal/stats
 GET /api/git/commits 200 in 192ms (compile: 73ms, render: 119ms)
 GET /api/git/commits 200 in 76ms (compile: 751µs, render: 75ms)
 GET /api/dashboard/stats 200 in 603ms (compile: 53ms, render: 551ms)
[BFF] Proxying request to Journal Service: GET /journal/stats
 GET /api/dashboard/stats 200 in 120ms (compile: 1200µs, render: 118ms)
 GET /api/git/commits 200 in 136ms (compile: 957µs, render: 135ms)
 GET /api/git/commits 200 in 73ms (compile: 765µs, render: 73ms)
 GET /api/github/branches?owner=souppman&repo=monodevdoc 200 in 267ms (compile: 26ms, render: 240ms)
 GET /api/github/branches?owner=souppman&repo=monodevdoc 200 in 155ms (compile: 1031µs, render: 154ms)
 GET /api/git/commits 200 in 108ms (compile: 989µs, render: 107ms)
 GET /api/git/commits 200 in 75ms (compile: 863µs, render: 74ms)
 GET /api/git/commits 200 in 115ms (compile: 4ms, render: 111ms)
 GET /api/git/commits 200 in 75ms (compile: 737µs, render: 74ms)
 GET /api/github/branches?owner=souppman&repo=monodevdoc 200 in 254ms (compile: 5ms, render: 250ms)
 GET /api/github/branches?owner=souppman&repo=monodevdoc 200 in 123ms (compile: 1023µs, render: 122ms)
 GET /api/git/commits 200 in 123ms (compile: 1318µs, render: 122ms)
 GET /api/git/commits 200 in 77ms (compile: 896µs, render: 76ms)
[BFF] Proxying request to Journal Service: GET /journal/stats
 GET /api/git/commits 200 in 113ms (compile: 1442µs, render: 111ms)
 GET /api/dashboard/stats 200 in 154ms (compile: 4ms, render: 150ms)
[BFF] Proxying request to Journal Service: GET /journal/stats
 GET /api/git/commits 200 in 77ms (compile: 895µs, render: 76ms)
 GET /api/dashboard/stats 200 in 105ms (compile: 657µs, render: 105ms)
 GET /api/git/commits 200 in 131ms (compile: 1121µs, render: 130ms)
 GET /api/journal/entries 200 in 133ms (compile: 18ms, render: 114ms)
 GET /api/journal/entries 200 in 36ms (compile: 725µs, render: 36ms)
 GET /api/git/commits 200 in 74ms (compile: 898µs, render: 73ms)
[BFF] Proxying request to Journal Service: GET /journal/stats
 GET /api/dashboard/stats 200 in 119ms (compile: 3ms, render: 116ms)
[BFF] Proxying request to Journal Service: GET /journal/stats
 GET /api/git/commits 200 in 129ms (compile: 1281µs, render: 128ms)
 GET /api/git/commits 200 in 74ms (compile: 671µs, render: 74ms)
 GET /api/dashboard/stats 200 in 113ms (compile: 958µs, render: 112ms)
 GET /api/journal/entries 200 in 79ms (compile: 4ms, render: 76ms)
 GET /api/journal/entries 200 in 37ms (compile: 826µs, render: 37ms)
 GET /api/git/commits 200 in 129ms (compile: 1322µs, render: 128ms)
 GET /api/git/commits 200 in 76ms (compile: 1014µs, render: 75ms)
 GET /api/git/commits 200 in 125ms (compile: 1269µs, render: 123ms)
 GET /api/git/commits 200 in 79ms (compile: 961µs, render: 78ms)
[BFF] Proxying request to Journal Service: GET /journal/stats
 GET /api/dashboard/stats 200 in 114ms (compile: 4ms, render: 110ms)
[BFF] Proxying request to Journal Service: GET /journal/stats
 GET /api/git/commits 200 in 126ms (compile: 3ms, render: 123ms)
 GET /api/git/commits 200 in 78ms (compile: 886µs, render: 78ms)
 GET /api/dashboard/stats 200 in 115ms (compile: 1099µs, render: 114ms)
 GET /api/journal/entries 200 in 43ms (compile: 2ms, render: 40ms)
 GET /api/journal/entries 200 in 37ms (compile: 828µs, render: 37ms)
 GET /api/git/commits 200 in 99ms (compile: 1503µs, render: 97ms)
 GET /api/git/commits 200 in 73ms (compile: 774µs, render: 72ms)
[BFF] Proxying request to Journal Service: GET /journal/stats
 GET /api/dashboard/stats 200 in 130ms (compile: 4ms, render: 126ms)
 GET /api/git/commits 200 in 132ms (compile: 1418µs, render: 131ms)
[BFF] Proxying request to Journal Service: GET /journal/stats
 GET /api/git/commits 200 in 80ms (compile: 4ms, render: 76ms)
 GET /api/dashboard/stats 200 in 119ms (compile: 1209µs, render: 118ms)
 GET /api/git/commits 200 in 133ms (compile: 3ms, render: 130ms)
 GET /api/git/commits 200 in 79ms (compile: 1340µs, render: 77ms)
[BFF] Proxying request to Journal Service: GET /journal/stats
 GET /api/git/commits 200 in 131ms (compile: 1392µs, render: 129ms)
 GET /api/dashboard/stats 200 in 198ms (compile: 4ms, render: 194ms)
[BFF] Proxying request to Journal Service: GET /journal/stats
 GET /api/git/commits 200 in 79ms (compile: 1023µs, render: 78ms)
 GET /api/dashboard/stats 200 in 111ms (compile: 1002µs, render: 110ms)
 GET /api/journal/entries 200 in 83ms (compile: 4ms, render: 79ms)
 GET /api/git/commits 200 in 128ms (compile: 2ms, render: 126ms)
 GET /api/journal/entries 200 in 44ms (compile: 842µs, render: 43ms)
 GET /api/git/commits 200 in 77ms (compile: 941µs, render: 77ms)
 GET /api/git/commits 200 in 171ms (compile: 58ms, render: 113ms)
 GET /api/journal/entries 200 in 541ms (compile: 36ms, render: 505ms)
[BFF] Proxying request to Journal Service: GET /journal/stats
 GET /api/git/commits 200 in 148ms (compile: 1605µs, render: 147ms)
 GET /api/git/commits 200 in 74ms (compile: 1263µs, render: 72ms)
 GET /api/dashboard/stats 200 in 258ms (compile: 40ms, render: 218ms)
[BFF] Proxying request to Journal Service: GET /journal/stats
 GET /api/dashboard/stats 200 in 119ms (compile: 923µs, render: 118ms)
 GET /api/docs?projectId=monodevdoc 200 in 448ms (compile: 72ms, render: 376ms)
 GET /api/docs?projectId=monodevdoc 200 in 43ms (compile: 1551µs, render: 41ms)
 GET /api/journal/entries 200 in 91ms (compile: 5ms, render: 86ms)
 GET /api/git/commits 200 in 133ms (compile: 2ms, render: 131ms)
 GET /api/journal/entries 200 in 40ms (compile: 800µs, render: 39ms)
 GET /api/git/commits 200 in 76ms (compile: 765µs, render: 75ms)
 GET /api/git/commits 200 in 105ms (compile: 1107µs, render: 104ms)
 GET /api/git/commits 200 in 72ms (compile: 836µs, render: 71ms)
 GET /api/git/commits 200 in 103ms (compile: 1116µs, render: 102ms)
 GET /api/git/commits 200 in 75ms (compile: 744µs, render: 74ms)
 GET /api/github/branches?owner=souppman&repo=monodevdoc 200 in 262ms (compile: 28ms, render: 233ms)
 GET /api/github/branches?owner=souppman&repo=monodevdoc 200 in 137ms (compile: 1222µs, render: 136ms)
 GET /api/git/commits 200 in 119ms (compile: 1285µs, render: 118ms)
 GET /api/git/commits 200 in 77ms (compile: 1004µs, render: 76ms)
 GET /api/git/commits 200 in 122ms (compile: 1821µs, render: 120ms)
 GET /api/git/commits 200 in 77ms (compile: 1475µs, render: 76ms)
 GET /api/github/branches?owner=souppman&repo=monodevdoc 200 in 374ms (compile: 3ms, render: 372ms)
 GET /api/github/branches?owner=souppman&repo=monodevdoc 200 in 134ms (compile: 1934µs, render: 132ms)
[BFF] Proxying request to Journal Service: GET /journal/stats
 GET /api/git/commits 200 in 140ms (compile: 4ms, render: 136ms)
 GET /api/docs?projectId=monodevdoc 200 in 133ms (compile: 5ms, render: 128ms)
 GET /api/docs?projectId=monodevdoc 200 in 40ms (compile: 1178µs, render: 39ms)
 GET /api/git/commits 200 in 75ms (compile: 1475µs, render: 74ms)
 GET /api/dashboard/stats 200 in 219ms (compile: 12ms, render: 208ms)
[BFF] Proxying request to Journal Service: GET /journal/stats
 GET /api/dashboard/stats 200 in 120ms (compile: 830µs, render: 120ms)
 GET /api/journal/entries 200 in 44ms (compile: 5ms, render: 40ms)
 GET /api/journal/entries 200 in 38ms (compile: 919µs, render: 37ms)
 GET /api/git/commits 200 in 99ms (compile: 1917µs, render: 97ms)
 GET /api/git/commits 200 in 72ms (compile: 1125µs, render: 71ms)
 GET /api/git/commits 200 in 127ms (compile: 1625µs, render: 125ms)
 GET /api/git/commits 200 in 76ms (compile: 1150µs, render: 75ms)
 GET /api/git/commits 200 in 123ms (compile: 2ms, render: 121ms)
 GET /api/git/commits 200 in 77ms (compile: 932µs, render: 77ms)
 GET /api/github/branches?owner=souppman&repo=monodevdoc 200 in 232ms (compile: 4ms, render: 227ms)
 GET /api/github/branches?owner=souppman&repo=monodevdoc 200 in 124ms (compile: 1689µs, render: 123ms)
 GET /api/git/commits 200 in 130ms (compile: 1258µs, render: 129ms)
 GET /api/git/commits 200 in 78ms (compile: 1047µs, render: 77ms)
 GET /api/git/commits 200 in 100ms (compile: 1069µs, render: 99ms)
 GET /api/github/branches?owner=souppman&repo=monodevdoc 200 in 147ms (compile: 2ms, render: 144ms)
 GET /api/git/commits 200 in 74ms (compile: 767µs, render: 74ms)
 GET /api/github/branches?owner=souppman&repo=monodevdoc 200 in 148ms (compile: 1461µs, render: 147ms)
 GET /api/git/commits 200 in 129ms (compile: 1519µs, render: 127ms)
 GET /api/git/commits 200 in 79ms (compile: 1086µs, render: 78ms)
 GET /api/git/commits 200 in 121ms (compile: 1286µs, render: 120ms)
 GET /api/git/commits 200 in 80ms (compile: 1309µs, render: 78ms)
[BFF] Proxying request to Journal Service: GET /journal/stats
 GET /api/docs?projectId=monodevdoc 200 in 40ms (compile: 867µs, render: 39ms)
 GET /api/docs?projectId=monodevdoc 200 in 39ms (compile: 1390µs, render: 37ms)
 GET /api/git/commits 200 in 117ms (compile: 1710µs, render: 116ms)
 GET /api/dashboard/stats 200 in 115ms (compile: 999µs, render: 114ms)
[BFF] Proxying request to Journal Service: GET /journal/stats
 GET /api/git/commits 200 in 76ms (compile: 855µs, render: 76ms)
 GET /api/dashboard/stats 200 in 115ms (compile: 833µs, render: 114ms)
 GET /api/git/commits 200 in 136ms (compile: 5ms, render: 131ms)
 GET /api/git/commits 200 in 78ms (compile: 901µs, render: 77ms)
 GET /api/journal/entries 200 in 447ms (compile: 10ms, render: 437ms)
 GET /api/journal/entries 200 in 41ms (compile: 2ms, render: 39ms)
[BFF] Proxying request to Journal Service: GET /journal/stats
 GET /api/docs?projectId=monodevdoc 200 in 86ms (compile: 6ms, render: 81ms)
 GET /api/git/commits 200 in 122ms (compile: 1416µs, render: 120ms)
 GET /api/docs?projectId=monodevdoc 200 in 39ms (compile: 723µs, render: 38ms)
 GET /api/git/commits 200 in 76ms (compile: 891µs, render: 75ms)
 GET /api/dashboard/stats 200 in 486ms (compile: 1622µs, render: 484ms)
[BFF] Proxying request to Journal Service: GET /journal/stats
 GET /api/dashboard/stats 200 in 123ms (compile: 2ms, render: 121ms)
 GET /api/journal/entries 200 in 77ms (compile: 3ms, render: 74ms)
 GET /api/git/commits 200 in 112ms (compile: 1286µs, render: 111ms)
 GET /api/journal/entries 200 in 43ms (compile: 812µs, render: 42ms)
 GET /api/git/commits 200 in 74ms (compile: 830µs, render: 73ms)
[BFF] Proxying request to Journal Service: GET /journal/stats
 GET /api/docs?projectId=monodevdoc 200 in 45ms (compile: 4ms, render: 41ms)
 GET /api/docs?projectId=monodevdoc 200 in 37ms (compile: 1038µs, render: 36ms)
 GET /api/dashboard/stats 200 in 115ms (compile: 775µs, render: 114ms)
 GET /api/git/commits 200 in 120ms (compile: 1324µs, render: 119ms)
[BFF] Proxying request to Journal Service: GET /journal/stats
 GET /api/git/commits 200 in 79ms (compile: 3ms, render: 76ms)
 GET /api/dashboard/stats 200 in 110ms (compile: 1169µs, render: 109ms)
 GET /api/journal/entries 200 in 40ms (compile: 932µs, render: 39ms)
 GET /api/journal/entries 200 in 36ms (compile: 991µs, render: 35ms)
 GET /api/git/commits 200 in 130ms (compile: 1570µs, render: 129ms)
 GET /api/git/commits 200 in 77ms (compile: 2ms, render: 74ms)
 GET /api/git/commits 200 in 123ms (compile: 2ms, render: 121ms)
 GET /api/git/commits 200 in 77ms (compile: 884µs, render: 76ms)
 GET /api/journal/entries 200 in 42ms (compile: 4ms, render: 38ms)
 GET /api/journal/entries 200 in 41ms (compile: 1345µs, render: 40ms)
 GET /api/git/commits 200 in 122ms (compile: 1429µs, render: 121ms)
 GET /api/git/commits 200 in 74ms (compile: 830µs, render: 74ms)
 GET /api/git/commits 200 in 110ms (compile: 1049µs, render: 109ms)
 GET /api/git/commits 200 in 71ms (compile: 739µs, render: 71ms)
 GET /api/git/commits 200 in 123ms (compile: 2ms, render: 121ms)
 GET /api/git/commits 200 in 78ms (compile: 1039µs, render: 77ms)
 GET /api/github/branches?owner=souppman&repo=monodevdoc 200 in 242ms (compile: 1347µs, render: 241ms)
 GET /api/github/branches?owner=souppman&repo=monodevdoc 200 in 129ms (compile: 1096µs, render: 128ms)
 GET /api/git/commits 200 in 133ms (compile: 1140µs, render: 132ms)
 GET /api/git/commits 200 in 78ms (compile: 1026µs, render: 77ms)
 GET /api/git/commits 200 in 121ms (compile: 1508µs, render: 120ms)
 GET /api/github/branches?owner=souppman&repo=monodevdoc 200 in 147ms (compile: 3ms, render: 144ms)
 GET /api/git/commits 200 in 77ms (compile: 985µs, render: 76ms)
 GET /api/github/branches?owner=souppman&repo=monodevdoc 200 in 158ms (compile: 926µs, render: 157ms)
 GET /api/journal/entries 200 in 86ms (compile: 6ms, render: 80ms)
 GET /api/journal/entries 200 in 36ms (compile: 848µs, render: 35ms)
 GET /api/git/commits 200 in 131ms (compile: 3ms, render: 129ms)
 GET /api/git/commits 200 in 73ms (compile: 761µs, render: 73ms)
 GET /api/git/commits 200 in 115ms (compile: 1506µs, render: 114ms)
 GET /api/git/commits 200 in 72ms (compile: 801µs, render: 71ms)
 GET /api/git/commits 200 in 94ms (compile: 889µs, render: 93ms)
 GET /api/git/commits 200 in 70ms (compile: 700µs, render: 69ms)
 GET /api/git/commits 200 in 123ms (compile: 1259µs, render: 122ms)
 GET /api/git/commits 200 in 78ms (compile: 1046µs, render: 77ms)
 GET /api/github/branches?owner=souppman&repo=monodevdoc 200 in 252ms (compile: 1368µs, render: 251ms)
 GET /api/github/branches?owner=souppman&repo=monodevdoc 200 in 124ms (compile: 1113µs, render: 123ms)
 GET /api/git/commits 200 in 126ms (compile: 1679µs, render: 124ms)
 GET /api/github/branches?owner=souppman&repo=monodevdoc 200 in 138ms (compile: 4ms, render: 134ms)
 GET /api/git/commits 200 in 78ms (compile: 978µs, render: 77ms)
 GET /api/github/branches?owner=souppman&repo=monodevdoc 200 in 136ms (compile: 1032µs, render: 134ms)
[BFF] Proxying request to Journal Service: GET /journal/stats
 GET /api/docs?projectId=monodevdoc 200 in 82ms (compile: 1013µs, render: 81ms)
 GET /api/dashboard/stats 200 in 113ms (compile: 4ms, render: 110ms)
 GET /api/git/commits 200 in 119ms (compile: 1664µs, render: 118ms)
[BFF] Proxying request to Journal Service: GET /journal/stats
 GET /api/docs?projectId=monodevdoc 200 in 38ms (compile: 730µs, render: 37ms)
 GET /api/git/commits 200 in 75ms (compile: 749µs, render: 75ms)
 GET /api/dashboard/stats 200 in 116ms (compile: 2ms, render: 114ms)
 GET /api/journal/entries 200 in 45ms (compile: 3ms, render: 42ms)
 GET /api/journal/entries 200 in 38ms (compile: 994µs, render: 37ms)
 GET /api/git/commits 200 in 108ms (compile: 1491µs, render: 107ms)
 GET /api/git/commits 200 in 74ms (compile: 756µs, render: 74ms)
 GET /api/git/commits 200 in 128ms (compile: 1201µs, render: 126ms)
 GET /api/git/commits 200 in 77ms (compile: 1040µs, render: 76ms)
 GET /api/git/commits 200 in 122ms (compile: 1415µs, render: 121ms)
 GET /api/git/commits 200 in 78ms (compile: 978µs, render: 77ms)
 GET /api/github/branches?owner=souppman&repo=monodevdoc 200 in 248ms (compile: 3ms, render: 245ms)
 GET /api/github/branches?owner=souppman&repo=monodevdoc 200 in 145ms (compile: 1193µs, render: 144ms)
[BFF] Proxying request to Journal Service: GET /journal/stats
 GET /api/docs?projectId=monodevdoc 200 in 80ms (compile: 6ms, render: 74ms)
 GET /api/git/commits 200 in 115ms (compile: 1616µs, render: 113ms)
 GET /api/docs?projectId=monodevdoc 200 in 38ms (compile: 804µs, render: 37ms)
 GET /api/git/commits 200 in 72ms (compile: 701µs, render: 71ms)
 GET /api/dashboard/stats 200 in 194ms (compile: 4ms, render: 190ms)
[BFF] Proxying request to Journal Service: GET /journal/stats
 GET /api/dashboard/stats 200 in 115ms (compile: 824µs, render: 115ms)
[BFF] Proxying request to Journal Service: GET /journal/stats
 GET /api/docs?projectId=monodevdoc 200 in 45ms (compile: 4ms, render: 42ms)
 GET /api/git/commits 200 in 106ms (compile: 1075µs, render: 105ms)
 GET /api/dashboard/stats 200 in 119ms (compile: 2ms, render: 117ms)
[BFF] Proxying request to Journal Service: GET /journal/stats
 GET /api/git/commits 200 in 114ms (compile: 4ms, render: 109ms)
 GET /api/docs?projectId=monodevdoc 200 in 467ms (compile: 6ms, render: 462ms)
 GET /api/dashboard/stats 200 in 594ms (compile: 1946µs, render: 592ms)
 GET /api/git/commits 200 in 129ms (compile: 1841µs, render: 127ms)
 GET /api/git/commits 200 in 81ms (compile: 1062µs, render: 80ms)
[BFF] Proxying request to Journal Service: GET /journal/stats
 GET /api/docs?projectId=monodevdoc 200 in 81ms (compile: 796µs, render: 80ms)
 GET /api/git/commits 200 in 125ms (compile: 1526µs, render: 124ms)
 GET /api/docs?projectId=monodevdoc 200 in 41ms (compile: 700µs, render: 41ms)
 GET /api/git/commits 200 in 78ms (compile: 984µs, render: 77ms)
 GET /api/dashboard/stats 200 in 207ms (compile: 1087µs, render: 206ms)
[BFF] Proxying request to Journal Service: GET /journal/stats
 GET /api/dashboard/stats 200 in 126ms (compile: 896µs, render: 125ms)
[BFF] Proxying request to Journal Service: GET /journal/stats
 GET /api/docs?projectId=monodevdoc 200 in 88ms (compile: 6ms, render: 83ms)
 GET /api/git/commits 200 in 126ms (compile: 3ms, render: 123ms)
 GET /api/dashboard/stats 200 in 170ms (compile: 6ms, render: 164ms)
 GET /api/git/commits 200 in 130ms (compile: 1718µs, render: 129ms)
 GET /api/git/commits 200 in 80ms (compile: 1083µs, render: 79ms)
[BFF] Proxying request to Journal Service: GET /journal/stats
 GET /api/docs?projectId=monodevdoc 200 in 46ms (compile: 5ms, render: 41ms)
 GET /api/docs?projectId=monodevdoc 200 in 40ms (compile: 1050µs, render: 39ms)
 GET /api/dashboard/stats 200 in 116ms (compile: 1505µs, render: 115ms)
[BFF] Proxying request to Journal Service: GET /journal/stats
 GET /api/git/commits 200 in 168ms (compile: 1588µs, render: 166ms)
 GET /api/dashboard/stats 200 in 112ms (compile: 1177µs, render: 111ms)
 GET /api/git/commits 200 in 85ms (compile: 816µs, render: 84ms)
 GET /api/git/commits 200 in 128ms (compile: 4ms, render: 124ms)
 GET /api/git/commits 200 in 76ms (compile: 847µs, render: 75ms)
 GET /api/git/commits 200 in 132ms (compile: 1250µs, render: 131ms)
 GET /api/journal/entries 200 in 137ms (compile: 5ms, render: 131ms)
 GET /api/journal/entries 200 in 38ms (compile: 796µs, render: 37ms)
 GET /api/git/commits 200 in 78ms (compile: 1074µs, render: 77ms)
[BFF] Proxying request to Journal Service: GET /journal/stats
 GET /api/docs?projectId=monodevdoc 200 in 84ms (compile: 774µs, render: 83ms)
 GET /api/dashboard/stats 200 in 114ms (compile: 3ms, render: 111ms)
 GET /api/git/commits 200 in 119ms (compile: 1760µs, render: 117ms)
[BFF] Proxying request to Journal Service: GET /journal/stats
 GET /api/docs?projectId=monodevdoc 200 in 37ms (compile: 903µs, render: 36ms)
 GET /api/git/commits 200 in 73ms (compile: 599µs, render: 73ms)
 GET /api/dashboard/stats 200 in 123ms (compile: 1053µs, render: 121ms)
 GET /api/git/commits 200 in 125ms (compile: 1712µs, render: 123ms)
 GET /api/git/commits 200 in 77ms (compile: 1576µs, render: 76ms)
 GET /api/journal/entries 200 in 94ms (compile: 10ms, render: 84ms)
 GET /api/git/commits 200 in 136ms (compile: 4ms, render: 132ms)
 GET /api/journal/entries 200 in 38ms (compile: 1236µs, render: 36ms)
 GET /api/git/commits 200 in 76ms (compile: 775µs, render: 75ms)
[BFF] Proxying request to Journal Service: GET /journal/stats
 GET /api/docs?projectId=monodevdoc 200 in 47ms (compile: 5ms, render: 42ms)
 GET /api/docs?projectId=monodevdoc 200 in 40ms (compile: 750µs, render: 39ms)
 GET /api/git/commits 200 in 105ms (compile: 1209µs, render: 104ms)
 GET /api/dashboard/stats 200 in 163ms (compile: 1586µs, render: 162ms)
[BFF] Proxying request to Journal Service: GET /journal/stats
 GET /api/git/commits 200 in 77ms (compile: 739µs, render: 76ms)
 GET /api/dashboard/stats 200 in 114ms (compile: 884µs, render: 113ms)
 GET /api/journal/entries 200 in 86ms (compile: 6ms, render: 80ms)
 GET /api/git/commits 200 in 122ms (compile: 1739µs, render: 121ms)
 GET /api/journal/entries 200 in 38ms (compile: 905µs, render: 37ms)
 GET /api/git/commits 200 in 75ms (compile: 834µs, render: 75ms)
 GET /api/git/commits 200 in 114ms (compile: 883µs, render: 113ms)
 GET /api/git/commits 200 in 76ms (compile: 849µs, render: 75ms)
 GET /api/git/commits 200 in 120ms (compile: 1366µs, render: 119ms)
 GET /api/git/commits 200 in 77ms (compile: 919µs, render: 76ms)
 GET /api/github/branches?owner=souppman&repo=monodevdoc 200 in 260ms (compile: 3ms, render: 257ms)
 GET /api/github/branches?owner=souppman&repo=monodevdoc 200 in 139ms (compile: 1100µs, render: 138ms)
 GET /api/git/commits 200 in 126ms (compile: 1212µs, render: 125ms)
 GET /api/git/commits 200 in 79ms (compile: 1105µs, render: 78ms)
 GET /api/git/commits 200 in 135ms (compile: 2ms, render: 133ms)
 GET /api/git/commits 200 in 79ms (compile: 1274µs, render: 78ms)
 GET /api/github/branches?owner=souppman&repo=monodevdoc 200 in 226ms (compile: 5ms, render: 221ms)
 GET /api/github/branches?owner=souppman&repo=monodevdoc 200 in 121ms (compile: 1070µs, render: 120ms)
 GET /api/git/commits 200 in 107ms (compile: 1806µs, render: 105ms)
 GET /api/git/commits 200 in 72ms (compile: 801µs, render: 71ms)
 GET /api/github/branches?owner=souppman&repo=monodevdoc 200 in 242ms (compile: 3ms, render: 239ms)
 GET /api/github/branches?owner=souppman&repo=monodevdoc 200 in 133ms (compile: 995µs, render: 132ms)
 GET /api/git/commits 200 in 129ms (compile: 1487µs, render: 127ms)
 GET /api/git/commits 200 in 79ms (compile: 1074µs, render: 78ms)
 GET /api/git/commits 200 in 118ms (compile: 1990µs, render: 116ms)
 GET /api/git/commits 200 in 75ms (compile: 826µs, render: 74ms)
 GET /api/github/branches?owner=souppman&repo=monodevdoc 200 in 211ms (compile: 832µs, render: 211ms)
 GET /api/github/branches?owner=souppman&repo=monodevdoc 200 in 147ms (compile: 882µs, render: 146ms)
[BFF] Proxying request to Journal Service: GET /journal/stats
 GET /api/docs?projectId=monodevdoc 200 in 82ms (compile: 4ms, render: 78ms)
 GET /api/git/commits 200 in 92ms (compile: 1184µs, render: 91ms)
 GET /api/docs?projectId=monodevdoc 200 in 37ms (compile: 880µs, render: 36ms)
 GET /api/dashboard/stats 200 in 159ms (compile: 961µs, render: 158ms)
[BFF] Proxying request to Journal Service: GET /journal/stats
 GET /api/git/commits 200 in 75ms (compile: 536µs, render: 74ms)
 GET /api/dashboard/stats 200 in 113ms (compile: 725µs, render: 112ms)
[BFF] Proxying request to Journal Service: GET /journal/stats
 GET /api/docs?projectId=monodevdoc 200 in 46ms (compile: 5ms, render: 41ms)
 GET /api/git/commits 200 in 106ms (compile: 1065µs, render: 105ms)
 GET /api/dashboard/stats 200 in 114ms (compile: 3ms, render: 111ms)
 GET /api/journal/entries 200 in 39ms (compile: 3ms, render: 36ms)
 GET /api/journal/entries 200 in 42ms (compile: 1042µs, render: 40ms)
 GET /api/git/commits 200 in 115ms (compile: 947µs, render: 114ms)
 GET /api/git/commits 200 in 74ms (compile: 810µs, render: 74ms)
 GET /api/journal/entries 200 in 47ms (compile: 2ms, render: 45ms)
 GET /api/git/commits 200 in 107ms (compile: 831µs, render: 107ms)
 GET /api/git/commits 200 in 118ms (compile: 1287µs, render: 117ms)
 GET /api/git/commits 200 in 78ms (compile: 871µs, render: 77ms)
 GET /api/github/branches?owner=souppman&repo=monodevdoc 200 in 217ms (compile: 982µs, render: 216ms)
 GET /api/github/branches?owner=souppman&repo=monodevdoc 200 in 141ms (compile: 1126µs, render: 140ms)
 GET /api/git/commits 200 in 108ms (compile: 1095µs, render: 107ms)
 GET /api/git/commits 200 in 74ms (compile: 848µs, render: 73ms)
 GET /api/github/branches?owner=souppman&repo=monodevdoc 200 in 111ms (compile: 871µs, render: 110ms)
 GET /api/git/commits 200 in 123ms (compile: 1627µs, render: 122ms)
 GET /api/git/commits 200 in 77ms (compile: 1686µs, render: 75ms)
 GET /api/github/branches?owner=souppman&repo=monodevdoc 200 in 144ms (compile: 1036µs, render: 143ms)
[BFF] Proxying request to Journal Service: GET /journal/stats
 GET /api/docs?projectId=monodevdoc 200 in 40ms (compile: 772µs, render: 39ms)
 GET /api/docs?projectId=monodevdoc 200 in 37ms (compile: 816µs, render: 37ms)
 GET /api/git/commits 200 in 108ms (compile: 1373µs, render: 107ms)
 GET /api/dashboard/stats 200 in 124ms (compile: 3ms, render: 121ms)
[BFF] Proxying request to Journal Service: GET /journal/stats
 GET /api/git/commits 200 in 74ms (compile: 724µs, render: 73ms)
 GET /api/dashboard/stats 200 in 114ms (compile: 655µs, render: 114ms)
[BFF] Proxying request to Journal Service: GET /journal/stats
 GET /api/docs?projectId=monodevdoc 200 in 95ms (compile: 8ms, render: 87ms)
 GET /api/git/commits 200 in 126ms (compile: 1716µs, render: 124ms)
 GET /api/dashboard/stats 200 in 171ms (compile: 5ms, render: 166ms)
 GET /api/journal/entries 200 in 41ms (compile: 4ms, render: 37ms)
 GET /api/journal/entries 200 in 39ms (compile: 2ms, render: 37ms)
 GET /api/git/commits 200 in 119ms (compile: 1480µs, render: 118ms)
 GET /api/git/commits 200 in 77ms (compile: 893µs, render: 76ms)
 GET /api/journal/entries 200 in 41ms (compile: 3ms, render: 38ms)
 GET /api/git/commits 200 in 111ms (compile: 1333µs, render: 109ms)
 GET /api/git/commits 200 in 131ms (compile: 3ms, render: 128ms)
 GET /api/git/commits 200 in 74ms (compile: 820µs, render: 73ms)
 POST /api/rag/generate 200 in 11.7s (compile: 39ms, render: 11.7s)
 POST /api/rag/generate 500 in 26.6s (compile: 7ms, render: 26.6s)
 POST /api/rag/generate 200 in 30.0s (compile: 7ms, render: 30.0s)
 GET /api/git/commits 200 in 130ms (compile: 4ms, render: 126ms)
 GET /api/git/commits 200 in 78ms (compile: 1007µs, render: 77ms)
 GET /api/github/branches?owner=souppman&repo=monodevdoc 200 in 275ms (compile: 9ms, render: 267ms)
 GET /api/github/branches?owner=souppman&repo=monodevdoc 200 in 146ms (compile: 1312µs, render: 145ms)
[BFF] Proxying request to Journal Service: GET /journal/stats
 GET /api/git/commits 200 in 121ms (compile: 1955µs, render: 119ms)
 GET /api/git/commits 200 in 76ms (compile: 951µs, render: 75ms)
 GET /api/docs?projectId=monodevdoc 200 in 1633ms (compile: 6ms, render: 1626ms)
 GET /api/dashboard/stats 200 in 1749ms (compile: 4ms, render: 1746ms)
[BFF] Proxying request to Journal Service: GET /journal/stats
 GET /api/docs?projectId=monodevdoc 200 in 76ms (compile: 2ms, render: 74ms)
 GET /api/git/commits 200 in 97ms (compile: 1549µs, render: 95ms)
 GET /api/git/commits 200 in 76ms (compile: 690µs, render: 75ms)
 GET /api/dashboard/stats 200 in 153ms (compile: 1254µs, render: 151ms)
 POST /api/rag/generate 200 in 30.0s (compile: 1957µs, render: 30.0s)
 POST /api/rag/generate 200 in 30.0s (compile: 7ms, render: 30.0s)
 POST /api/rag/generate 200 in 30.0s (compile: 8ms, render: 30.0s)
 GET /api/git/commits 200 in 175ms (compile: 14ms, render: 160ms)
 POST /api/rag/generate 200 in 30.0s (compile: 2ms, render: 30.0s)
 POST /api/rag/generate 200 in 30.0s (compile: 5ms, render: 30.0s)
 POST /api/rag/generate 200 in 30.0s (compile: 2ms, render: 30.0s)
